<?xml version="1.0" encoding="UTF-8"?>
<!-- Generated by org.testng.reporters.JUnitReportReporter -->
<testsuite hostname="Dibyansh_Verma" failures="0" tests="1" name="com.learnautomation.testcases.LoginTestCRM" time="2.543" errors="0" timestamp="2024-07-01T17:02:25 IST" skipped="0">
  <testcase classname="com.learnautomation.testcases.LoginTestCRM" name="loginApp" time="2.543"/>
</testsuite> <!-- com.learnautomation.testcases.LoginTestCRM -->
